npm error code ERESOLVE
npm error ERESOLVE unable to resolve dependency tree
npm error
npm error While resolving: campuscartel-ui-library@1.0.0
npm error Found: storybook@10.0.2
npm error node_modules/storybook
npm error   dev storybook@"^10.0.2" from the root project
npm error
npm error Could not resolve dependency:
npm error peer storybook@"^8.6.14" from @storybook/react@8.6.14
npm error node_modules/@storybook/react
npm error   dev @storybook/react@"8.6.14" from the root project
npm error
npm error Fix the upstream dependency conflict, or retry
npm error this command with --force or --legacy-peer-deps
npm error to accept an incorrect (and potentially broken) dependency resolution.
npm error
npm error
npm error For a full report see:
npm error /Users/shravanmukunda/.npm/_logs/2025-11-01T22_15_25_748Z-eresolve-report.txt
npm error A complete log of this run can be found in: /Users/shravanmukunda/.npm/_logs/2025-11-01T22_15_25_748Z-debug-0.log
